<?xml version="1.0" encoding="UTF-8"?>
<!-- Generated by org.testng.reporters.JUnitXMLReporter -->
<testsuite hostname="LAPTOP-JF65BFTU" name="Default test" tests="4" failures="0" timestamp="7 Oct 2021 12:18:51 GMT" time="26.533" errors="0">
  <testcase name="contextclickAction" time="3.033" classname="ActionPackage.actionClass"/>
  <testcase name="dragAnddropAction" time="4.512" classname="ActionPackage.actionClass"/>
  <testcase name="dubleclickAction" time="3.249" classname="ActionPackage.actionClass"/>
  <testcase name="movetoElementAction" time="7.34" classname="ActionPackage.actionClass"/>
</testsuite> <!-- Default test -->
