<?xml version="1.0" encoding="UTF-8"?>
<!-- Generated by org.testng.reporters.JUnitXMLReporter -->
<testsuite hostname="LAPTOP-JF65BFTU" name="Default test" tests="4" failures="0" timestamp="8 Oct 2021 13:29:45 GMT" time="193.164" errors="0">
  <testcase name="testDataexcel" time="48.903" classname="ExcelPackage.handlingExcelFiles"/>
  <testcase name="testDataexcel" time="41.085" classname="ExcelPackage.handlingExcelFiles"/>
  <testcase name="testDataexcel" time="44.074" classname="ExcelPackage.handlingExcelFiles"/>
  <testcase name="testDataexcel" time="46.946" classname="ExcelPackage.handlingExcelFiles"/>
</testsuite> <!-- Default test -->
